This is pdfTeX, Version 3.141592653-2.6-1.40.23 (MiKTeX 21.8) (preloaded format=pdflatex 2021.9.23)  3 JAN 2022 20:00
entering extended mode
**C:/Users/acer/OneDrive/Desktop/NEW/SP198/chapter_3.tex
(C:/Users/acer/OneDrive/Desktop/NEW/SP198/chapter_3.tex
LaTeX2e <2021-06-01> patch level 1
L3 programming layer <2021-08-27>
! Undefined control sequence.
l.2 \chapter
            {Research Methodology}
? 
! Emergency stop.
l.2 \chapter
            {Research Methodology}
End of file on the terminal!

 
Here is how much of TeX's memory you used:
 19 strings out of 478927
 513 string characters out of 2853009
 290175 words of memory out of 3000000
 17978 multiletter control sequences out of 15000+600000
 403430 words of font info for 27 fonts, out of 8000000 for 9000
 1141 hyphenation exceptions out of 8191
 13i,0n,12p,117b,10s stack positions out of 5000i,500n,10000p,200000b,80000s
!  ==> Fatal error occurred, no output PDF file produced!
